[2025-10-14 08:11:37] * ➡ Saliendo de #españa
[2025-10-14 08:24:24] * » akkiles4321 se ha unido a #españa
[2025-10-14 08:24:24] * » TheReader se ha unido a #españa
[2025-10-14 08:24:31] * » Caronte78 se ha unido a #españa
[2025-10-14 08:24:34] * » Andaluzz se ha unido a #españa
[2025-10-14 08:24:34] * » BaboChico se ha unido a #españa
[2025-10-14 08:24:39] * » sevillano se ha unido a #españa
[2025-10-14 08:24:48] * » Solzg se ha unido a #españa
[2025-10-14 08:24:50] * » Rottox se ha unido a #españa
[2025-10-14 08:24:50] * » Hombre39 se ha unido a #españa
[2025-10-14 08:24:54] * » Habana se ha unido a #españa
[2025-10-14 08:24:57] * » almita se ha unido a #españa
[2025-10-14 08:25:04] * « Chicoojosazuless ha salido de #españa
[2025-10-14 08:25:07] * » Tony___ se ha unido a #españa
[2025-10-14 08:25:13] * » Andaluzz se ha unido a #españa
[2025-10-14 08:25:19] * « almita ha salido de #españa
[2025-10-14 08:25:26] * » Santi58Dvlc se ha unido a #españa
[2025-10-14 08:25:31] * » Sincer---0 se ha unido a #españa
[2025-10-14 08:25:32] * » Melo se ha unido a #españa
[2025-10-14 08:25:46] * » leon se ha unido a #españa
[2025-10-14 08:25:49] * » akkiles43211 se ha unido a #españa
[2025-10-14 08:25:51] * » akkiles43211 se ha unido a #españa
[2025-10-14 08:25:52] * » Gatto se ha unido a #españa
[2025-10-14 08:25:52] * » Gatto se ha unido a #españa
[2025-10-14 08:26:03] * » Toni49 se ha unido a #españa
[2025-10-14 08:26:03] * » Toni49 se ha unido a #españa
[2025-10-14 08:26:10] * » Guest-98765 se ha unido a #españa
[2025-10-14 08:26:10] * » Guest-98765 se ha unido a #españa
[2025-10-14 08:26:11] * ➡ Saliendo de #españa
[2025-10-14 08:26:11] * « akkiles43211 ha salido de #españa
[2025-10-14 08:26:14] * » Camionero se ha unido a #españa
[2025-10-14 08:26:15] * » Martabcn16 se ha unido a #españa
[2025-10-14 08:26:17] * » Locosuelto_ se ha unido a #españa
[2025-10-14 08:26:17] * » hombreCsdoVcia se ha unido a #españa
[2025-10-14 08:26:21] * » Running_up_the_hill se ha unido a #españa
[2025-10-14 08:26:26] * » profedepadel se ha unido a #españa
[2025-10-14 08:26:28] * » Airepuro se ha unido a #españa
[2025-10-14 08:26:33] * » ChicoNigeriano se ha unido a #españa
[2025-10-14 08:26:36] * » Braddt_1974 se ha unido a #españa
[2025-10-14 08:26:40] * » MaduroBarbanza se ha unido a #españa
[2025-10-14 08:26:45] * « MaduroBarbanza ha salido de #españa
[2025-10-14 08:27:00] * » SantiagoMc se ha unido a #españa
[2025-10-14 08:27:00] * » Miguelbcn se ha unido a #españa
[2025-10-14 08:27:06] * » Casaado47 se ha unido a #españa
[2025-10-14 08:27:08] * « SantiagoMc ha salido de #españa
[2025-10-14 08:27:17] * » naomi_gym23 se ha unido a #españa
[2025-10-14 08:27:18] * » MaduroBilbo se ha unido a #españa
[2025-10-14 08:27:21] * « MaduroBilbo ha salido de #españa
[2025-10-14 08:27:24] * » mw se ha unido a #españa
[2025-10-14 08:27:29] * » BaronRojo14 se ha unido a #españa
[2025-10-14 08:27:31] * » EducadoMoreno se ha unido a #españa
[2025-10-14 08:27:40] * » Gru se ha unido a #españa
[2025-10-14 08:27:41] * » Amo-Leon se ha unido a #españa
[2025-10-14 08:27:48] * » BaronRojo93 se ha unido a #españa
[2025-10-14 08:27:48] * » Hombreduro4 se ha unido a #españa
[2025-10-14 08:27:56] * » Lo_encontre se ha unido a #españa
[2025-10-14 08:27:57] * » GallegoMotero se ha unido a #españa
[2025-10-14 08:27:58] * » LALIN se ha unido a #españa
[2025-10-14 08:28:06] * » ChicoTfe____ se ha unido a #españa
[2025-10-14 08:28:10] * » Alex-gc se ha unido a #españa
[2025-10-14 08:28:12] * » Santi58Dvlc se ha unido a #españa
[2025-10-14 08:28:15] * » CaballeroWay se ha unido a #españa
[2025-10-14 08:28:15] * » Casadovlc se ha unido a #españa
[2025-10-14 08:28:16] * » E18 se ha unido a #españa
[2025-10-14 08:28:17] * » discrett se ha unido a #españa
[2025-10-14 08:28:18] * » ats65 se ha unido a #españa
[2025-10-14 08:28:19] * » Elqueteobserva se ha unido a #españa
[2025-10-14 08:28:24] * » _VECINOBUENO se ha unido a #españa
[2025-10-14 08:28:28] * » Casadovlc se ha unido a #españa
[2025-10-14 08:28:33] * » Ayeleen1 se ha unido a #españa
[2025-10-14 08:28:37] * » Medicjoven se ha unido a #españa
[2025-10-14 08:28:38] * » RaulR se ha unido a #españa
[2025-10-14 08:28:40] * » transeunte se ha unido a #españa
[2025-10-14 08:28:46] * » Oio se ha unido a #españa
[2025-10-14 08:28:47] * » Limaa se ha unido a #españa
[2025-10-14 08:28:49] * » Tony___ se ha unido a #españa
[2025-10-14 08:28:59] * » Nuria se ha unido a #españa
[2025-10-14 08:29:02] * » Ddaavid se ha unido a #españa
[2025-10-14 08:29:08] * » dino se ha unido a #españa
[2025-10-14 08:29:11] * » Lacroqueee se ha unido a #españa
[2025-10-14 08:29:11] * » mujerpreocupada se ha unido a #españa
[2025-10-14 08:29:14] * » Domsur se ha unido a #españa
[2025-10-14 08:29:14] * » jhgfkh se ha unido a #españa
[2025-10-14 08:29:22] * » Amo-Leon se ha unido a #españa
[2025-10-14 08:29:29] * » Futbolistaa se ha unido a #españa
[2025-10-14 08:29:31] * » Rauw se ha unido a #españa
[2025-10-14 08:29:45] * » casado53BUSCOmaduro se ha unido a #españa
[2025-10-14 08:29:47] * » ABxCDxE se ha unido a #españa
[2025-10-14 08:29:54] * » Invitdo se ha unido a #españa
[2025-10-14 08:29:57] * » Abgdo_60 se ha unido a #españa
[2025-10-14 08:29:59] * » Trans se ha unido a #españa
[2025-10-14 08:30:02] * » NegroJigante se ha unido a #españa
[2025-10-14 08:30:16] * « jhgfkh ha salido de #españa
[2025-10-14 08:30:16] * » Ferney259 se ha unido a #españa
[2025-10-14 08:30:18] * » Amdres3 se ha unido a #españa
[2025-10-14 08:30:18] * « Futbolistaa ha salido de #españa
[2025-10-14 08:30:22] * » Chateo13 se ha unido a #españa
[2025-10-14 08:30:30] * » man2121 se ha unido a #españa
[2025-10-14 08:30:34] * « discrett ha salido de #españa
[2025-10-14 08:30:47] * » ChicoSur se ha unido a #españa
[2025-10-14 08:30:48] * » Elqueteobserva se ha unido a #españa
[2025-10-14 08:30:55] * « ats65 ha salido de #españa
[2025-10-14 08:31:04] * » Sergio-madurito se ha unido a #españa
[2025-10-14 08:31:09] * » Rafa4 se ha unido a #españa
[2025-10-14 08:31:10] * » Almira se ha unido a #españa
[2025-10-14 08:31:13] * » Chica29g se ha unido a #españa
[2025-10-14 08:31:14] * » Chicodelsur se ha unido a #españa
[2025-10-14 08:31:16] * » Ruilor63 se ha unido a #españa
[2025-10-14 08:31:19] * » Reiny se ha unido a #españa
[2025-10-14 08:31:19] * « TroPiCoquEtaA ha salido de #españa
[2025-10-14 08:31:20] * » isa90 se ha unido a #españa
[2025-10-14 08:31:21] * » invitado-123456 se ha unido a #españa
[2025-10-14 08:31:27] * » Monte-Cristo se ha unido a #españa
[2025-10-14 08:31:31] * » MorenoGYM190 se ha unido a #españa
[2025-10-14 08:31:31] * « Monte-Cristo ha salido de #españa
[2025-10-14 08:31:35] * » Chicoandalucia se ha unido a #españa
[2025-10-14 08:31:38] * » Chica29g se ha unido a #españa
[2025-10-14 08:31:48] * » Unomass se ha unido a #españa
[2025-10-14 08:31:54] * » Nando18 se ha unido a #españa
[2025-10-14 08:31:56] * « NegroJigante ha salido de #españa
[2025-10-14 08:32:01] * » Kevin_I9 se ha unido a #españa
[2025-10-14 08:32:01] * » Solito55 se ha unido a #españa
[2025-10-14 08:32:08] * » Manuel_B34 se ha unido a #españa
[2025-10-14 08:32:11] * » chatea54 se ha unido a #españa
[2025-10-14 08:32:11] * » Roberto-- se ha unido a #españa
[2025-10-14 08:32:14] * » RuDeRumba se ha unido a #españa
[2025-10-14 08:32:15] * » Javier000 se ha unido a #españa
[2025-10-14 08:32:22] * » Sevi45 se ha unido a #españa
[2025-10-14 08:32:27] * » Manuvlc se ha unido a #españa
[2025-10-14 08:32:27] * » Maduro56- se ha unido a #españa
[2025-10-14 08:32:28] * » mikel3 se ha unido a #españa
[2025-10-14 08:32:30] * » Chavalmajete se ha unido a #españa
[2025-10-14 08:32:31] * » Maduro__ se ha unido a #españa
[2025-10-14 08:32:34] * » golosasinprisa se ha unido a #españa
[2025-10-14 08:32:35] * » ChicoPueblo2820 se ha unido a #españa
[2025-10-14 08:32:37] * » Arquitecto_Serio se ha unido a #españa
[2025-10-14 08:32:38] * « Manuvlc ha salido de #españa
[2025-10-14 08:32:39] * » dino se ha unido a #españa
[2025-10-14 08:32:42] * » Neno se ha unido a #españa
[2025-10-14 08:32:44] * » Mar se ha unido a #españa
[2025-10-14 08:32:47] * » Sasenac se ha unido a #españa
[2025-10-14 08:32:57] * » chica_98 se ha unido a #españa
[2025-10-14 08:32:59] * » Maduro6_ se ha unido a #españa
[2025-10-14 08:33:00] * » Manel_ se ha unido a #españa
[2025-10-14 08:33:03] * » BullBBC se ha unido a #españa
[2025-10-14 08:33:08] * « Maduro__ ha salido de #españa
[2025-10-14 08:33:09] * » Miguelmad se ha unido a #españa
[2025-10-14 08:33:13] * » ChicoNigeriano se ha unido a #españa
[2025-10-14 08:33:15] * » carlosgr se ha unido a #españa
[2025-10-14 08:33:15] * » LaMessiah se ha unido a #españa
[2025-10-14 08:33:18] * » Chico-vlc4 se ha unido a #españa
[2025-10-14 08:33:20] * « BullBBC ha salido de #españa
[2025-10-14 08:33:25] * » Guest8543 se ha unido a #españa
[2025-10-14 08:33:35] * » Wukong se ha unido a #españa
[2025-10-14 08:33:35] * » Rolando4321 se ha unido a #españa
[2025-10-14 08:33:39] * » HombreDe39 se ha unido a #españa
[2025-10-14 08:33:40] * » MorenoPERU41 se ha unido a #españa
[2025-10-14 08:33:50] * » Electrico-tf se ha unido a #españa
[2025-10-14 08:33:52] * » Chico-vlc4 se ha unido a #españa
[2025-10-14 08:33:55] * » Carlos44vlc se ha unido a #españa
[2025-10-14 08:34:03] * » Kikeee se ha unido a #españa
[2025-10-14 08:34:07] * » La-Dama-Oscura se ha unido a #españa
[2025-10-14 08:34:08] * » Jorge9 se ha unido a #españa
[2025-10-14 08:34:23] * » Chica29g se ha unido a #españa
[2025-10-14 08:34:31] * » Santivv se ha unido a #españa
[2025-10-14 08:34:33] * » Samu_32 se ha unido a #españa
[2025-10-14 08:34:43] * » Manuel_B se ha unido a #españa
[2025-10-14 08:34:43] * » Briigiittee se ha unido a #españa
[2025-10-14 08:35:09] * » princesa se ha unido a #españa
[2025-10-14 08:35:11] * » Alvaro57 se ha unido a #españa
[2025-10-14 08:35:12] * » Fer se ha unido a #españa
[2025-10-14 08:35:23] * » Maria44 se ha unido a #españa
[2025-10-14 08:35:25] * » _scorpion se ha unido a #españa
[2025-10-14 08:35:26] * » Mujer60- se ha unido a #españa
[2025-10-14 08:35:27] * « Maria44 ha salido de #españa
[2025-10-14 08:35:40] * » Nacho74 se ha unido a #españa
[2025-10-14 08:35:46] * » CasadoMu58 se ha unido a #españa
[2025-10-14 08:35:48] * » Aaaa se ha unido a #españa
[2025-10-14 08:35:48] * » Martabcn5 se ha unido a #españa
[2025-10-14 08:35:52] * » Alto48 se ha unido a #españa
[2025-10-14 08:35:55] * » MaRaMaRa se ha unido a #españa
[2025-10-14 08:36:18] * » David03 se ha unido a #españa
[2025-10-14 08:36:19] * » Altoguapete se ha unido a #españa
[2025-10-14 08:36:19] * « Wukong ha salido de #españa
[2025-10-14 08:36:20] * » Invitada se ha unido a #españa
[2025-10-14 08:36:24] * » luisjose44 se ha unido a #españa
[2025-10-14 08:36:30] * » Guest-98765 se ha unido a #españa
[2025-10-14 08:36:33] * » Luna53 se ha unido a #españa
[2025-10-14 08:36:33] * « David03 ha salido de #españa
[2025-10-14 08:36:34] * » SR_BKK se ha unido a #españa
[2025-10-14 08:36:36] * » Canoso60 se ha unido a #españa
[2025-10-14 08:36:38] * « SR_BKK ha salido de #españa
[2025-10-14 08:36:42] * » sevillano se ha unido a #españa
[2025-10-14 08:36:43] * » Hombre54 se ha unido a #españa
[2025-10-14 08:36:44] * » Migue se ha unido a #españa
[2025-10-14 08:36:47] * » ROLero se ha unido a #españa
[2025-10-14 08:36:49] * » Wapodivertido se ha unido a #españa
[2025-10-14 08:36:53] * » Valec se ha unido a #españa
[2025-10-14 08:36:54] * » MorenoXL se ha unido a #españa
[2025-10-14 08:37:08] * » Anabi44 se ha unido a #españa
[2025-10-14 08:37:08] * » Inca se ha unido a #españa
[2025-10-14 08:37:10] * » Yomismo se ha unido a #españa
[2025-10-14 08:37:13] * » Hombre56 se ha unido a #españa
[2025-10-14 08:37:14] * » Miguel59 se ha unido a #españa
[2025-10-14 08:37:16] * » Javier-57 se ha unido a #españa
[2025-10-14 08:37:17] * » Hombre-solo8 se ha unido a #españa
[2025-10-14 08:37:19] * » Andeeer se ha unido a #españa
[2025-10-14 08:37:22] * » AngelDBabilonia se ha unido a #españa
[2025-10-14 08:37:26] * « Andeeer ha salido de #españa
[2025-10-14 08:37:32] * « Ruilor63 ha salido de #españa
[2025-10-14 08:37:35] * » Neno se ha unido a #españa
[2025-10-14 08:37:35] * » Josean se ha unido a #españa
[2025-10-14 08:37:38] * » Carlos------ se ha unido a #españa
[2025-10-14 08:37:49] * » Luismi- se ha unido a #españa
[2025-10-14 08:37:58] * » Guest20835 se ha unido a #españa
[2025-10-14 08:38:01] * » Gandia_chico se ha unido a #españa
[2025-10-14 08:38:04] * « Gandia_chico ha salido de #españa
[2025-10-14 08:38:06] * » Maduro54 se ha unido a #españa
[2025-10-14 08:38:14] * » Donostiagazte se ha unido a #españa
[2025-10-14 08:38:16] * » NegroGrande se ha unido a #españa
[2025-10-14 08:38:18] * » Lucia50 se ha unido a #españa
[2025-10-14 08:38:26] * » Casadoxchicaenmad se ha unido a #españa
[2025-10-14 08:38:30] * » DrJekyll se ha unido a #españa
[2025-10-14 08:38:36] * » MATE62 se ha unido a #españa
[2025-10-14 08:38:37] * » ChicoFeliz se ha unido a #españa
[2025-10-14 08:38:46] * » Josequartcasd se ha unido a #españa
[2025-10-14 08:38:52] * « Josequartcasd ha salido de #españa
[2025-10-14 08:38:53] * » Sasenac se ha unido a #españa
[2025-10-14 08:38:54] * » Jorrgee se ha unido a #españa
[2025-10-14 08:38:57] * » Gitanopresoboxeador se ha unido a #españa
[2025-10-14 08:39:01] * » Casadosolo se ha unido a #españa
[2025-10-14 08:39:05] * » SergioMurcia48 se ha unido a #españa
[2025-10-14 08:39:11] * » patito se ha unido a #españa
[2025-10-14 08:39:11] * » Piri se ha unido a #españa
[2025-10-14 08:39:16] * » Amo24demadurasumisa se ha unido a #españa
[2025-10-14 08:39:18] * » ADrake93 se ha unido a #españa
[2025-10-14 08:39:19] * » Jose se ha unido a #españa
[2025-10-14 08:39:25] * » Fct se ha unido a #españa
[2025-10-14 08:39:26] * » Ne07 se ha unido a #españa
[2025-10-14 08:39:41] * » mikel3 se ha unido a #españa
[2025-10-14 08:39:44] * » Antonvla se ha unido a #españa
[2025-10-14 08:39:47] * » pelao se ha unido a #españa
[2025-10-14 08:39:47] * » Allex2 se ha unido a #españa
[2025-10-14 08:39:50] * » amigo_XL se ha unido a #españa
[2025-10-14 08:39:51] * » ana_pedicurareciente se ha unido a #españa
[2025-10-14 08:39:54] * » AtractivoSoltero se ha unido a #españa
[2025-10-14 08:39:57] * « Maduro54 ha salido de #españa
[2025-10-14 08:40:03] * » Chicoasturiasca se ha unido a #españa
[2025-10-14 08:40:07] * » _Maduro76charla se ha unido a #españa
[2025-10-14 08:40:20] * « DrJekyll ha salido de #españa
[2025-10-14 08:40:30] * » Dulzze se ha unido a #españa
[2025-10-14 08:40:31] * » Bomberowapete_amistad se ha unido a #españa
[2025-10-14 08:40:32] * » hombre1965 se ha unido a #españa
[2025-10-14 08:40:43] * » Chicosolotf se ha unido a #españa
[2025-10-14 08:40:47] * » Maduro_de_60 se ha unido a #españa
[2025-10-14 08:40:54] * » Xico-908 se ha unido a #españa
[2025-10-14 08:40:55] * » Reverendo se ha unido a #españa
[2025-10-14 08:40:58] * » David91 se ha unido a #españa
[2025-10-14 08:41:00] * « Ddaavid ha salido de #españa
[2025-10-14 08:41:02] * » Moreno_54 se ha unido a #españa
[2025-10-14 08:41:11] * » Maris se ha unido a #españa
[2025-10-14 08:41:12] * « Moreno_54 ha salido de #españa
[2025-10-14 08:41:15] * » Rafa4 se ha unido a #españa
[2025-10-14 08:41:23] * » Reverendo se ha unido a #españa
[2025-10-14 08:41:35] * » Luisinhoo se ha unido a #españa
[2025-10-14 08:41:41] * » invitado-123456 se ha unido a #españa
[2025-10-14 08:41:51] * » Amdres3 se ha unido a #españa
[2025-10-14 08:41:52] * » Casadomajo82 se ha unido a #españa
[2025-10-14 08:41:55] * » Flamenkita22 se ha unido a #españa
[2025-10-14 08:42:06] * » Chino_Mandarino se ha unido a #españa
[2025-10-14 08:42:06] * ➡ Saliendo de #españa
