[2025-10-04 09:35:35] <Yo> hola ke tal?
[2025-10-04 09:43:21] <Yo> ke tal como estas ?
[2025-10-08 20:41:02] <Yo> hola
[2025-10-08 20:41:30] <Yo> nada
[2025-10-09 10:56:24] <Yo> hola ke tal
[2025-10-09 14:05:24] <Yo> hola
[2025-10-09 14:05:50] <Yo> ll
[2025-10-11 13:03:42] <Yo> hola ke tal?
[2025-10-11 15:52:30] <Yo> hola ke tal?
[2025-10-11 15:52:53] <Yo> vale
[2025-10-11 15:56:05] <Yo> hola ke tal
[2025-10-11 22:27:59] <Yo> hola ke tal?
[2025-10-11 22:33:19] <Yo> que tal?
[2025-10-11 22:33:57] <Yo> vale gracias
[2025-10-11 22:45:24] <Yo> hola
[2025-10-11 22:49:50] <Yo> hola
[2025-10-14 18:50:49] <Yo> hola
[2025-10-15 14:41:25] <Yo> hola ke tal?
[2025-10-15 14:42:14] <Yo> hola ke tal?
[2025-10-16 14:50:58] <Yo> hola
[2025-10-18 19:04:33] <Yo> hola ke tal?
[2025-10-18 19:04:53] <Yo> perfecto
