[2025-09-27 15:11:47] <Yo> hola
[2025-09-27 15:16:09] <Yo> hola
[2025-09-27 15:18:58] <Yo> hola
[2025-09-27 15:26:55] <Yo> hola
[2025-09-27 15:55:50] <Yo> hola
[2025-09-27 16:13:56] <Yo> hola
[2025-09-27 16:19:31] <Yo> hola
[2025-09-27 16:40:33] <Yo> hola
[2025-09-27 16:41:09] <Yo> hola
[2025-09-27 16:41:10] <Yo> hola
[2025-09-27 19:07:11] <Yo> bien todo bien
[2025-10-03 19:49:20] <Yo> bien gracias
[2025-10-04 08:40:58] <Yo> bien gracias
[2025-10-04 09:15:04] <Yo> bien gracias
[2025-10-04 09:15:32] <Yo> claro
[2025-10-04 09:20:37] <Yo> bien y tu?
[2025-10-04 09:20:40] <Yo> perfecto
[2025-10-04 09:43:30] <Yo> bien gracias
[2025-10-04 15:37:26] <Yo> si todo bien
[2025-10-04 16:18:49] <Yo> todo bien 2ยบ
[2025-10-04 17:54:24] <Yo> bien y tu
[2025-10-04 18:31:12] <Yo> bien gracias y tu?
[2025-10-04 18:39:58] <Yo> bien y tu?
[2025-10-04 19:01:45] <Yo> buenas
[2025-10-04 22:36:47] <Yo> bien gracias
[2025-10-04 22:48:19] <Yo> bien y tu?
[2025-10-05 06:12:51] <Yo> estoy bien gracias
[2025-10-05 06:42:37] <Yo> que pasa
[2025-10-05 07:43:04] <Yo> hola ke tal?
[2025-10-05 07:58:05] <Yo> bien gracias y tu?
[2025-10-05 08:03:07] <Yo> hola ke tal?
[2025-10-05 08:17:49] <Yo> todo bien
[2025-10-05 08:32:40] <Yo> bien gracias y tu?
[2025-10-05 10:30:44] <Yo> todo bien
[2025-10-05 10:44:12] <Yo> ke pasa tio
[2025-10-05 10:44:28] <Yo> todo bien si todo bien
[2025-10-05 11:07:33] <Yo> bien y tu?
[2025-10-05 11:22:39] <Yo> bien gracias
[2025-10-05 17:57:55] <Yo> bien gracias
[2025-10-05 21:15:00] <Yo> todo perfecto gracias
[2025-10-05 21:20:32] <Yo> ke pasa
[2025-10-05 21:37:26] <Yo> todo bien
[2025-10-06 12:04:48] <Yo> ke pasa?
[2025-10-06 13:59:46] <Yo> bien gracias
[2025-10-06 14:05:16] <Yo> bien gracias
[2025-10-06 14:24:53] <Yo> ke pasa
[2025-10-06 14:24:55] <Yo> hola
[2025-10-06 14:38:26] <Yo> bien gracias
[2025-10-07 09:11:09] <Yo> bien gracias y tu?
[2025-10-07 09:42:01] <Yo> bien gracias
[2025-10-07 10:07:17] <Yo> bien y tu?
[2025-10-07 10:44:52] <Yo> como estas?
[2025-10-07 10:52:21] <Yo> bien gracias y tu?
[2025-10-07 11:07:32] <Yo> bien gracias y tu?
[2025-10-07 12:00:38] <Yo> todo bien
[2025-10-07 12:51:43] <Yo> bien gracias
[2025-10-07 13:04:19] <Yo> bien muchas gracias
[2025-10-08 17:35:32] <Yo> muju
[2025-10-08 17:41:51] <Yo> ke tal
[2025-10-08 17:48:11] <Yo> bien y  tu
[2025-10-08 19:32:08] <Yo> bien
[2025-10-09 08:26:40] <Yo> ke tal
[2025-10-09 09:38:33] <Yo> hola ke tal
[2025-10-09 12:24:04] <Yo> ke tal
[2025-10-09 14:05:39] <Yo> ki
[2025-10-09 14:05:54] <Yo> oo
[2025-10-09 14:56:26] <Yo> ke tal
[2025-10-09 15:01:02] <Yo> bien gracias
[2025-10-09 15:09:26] <Yo> hola
[2025-10-09 20:49:00] <Yo> ke tal
[2025-10-09 21:07:36] <Yo> hola
[2025-10-10 22:52:04] <Yo> ke tal?
[2025-10-11 08:21:13] <Yo> que tal
[2025-10-11 08:25:50] <Yo> ke tal
[2025-10-11 08:31:05] <Yo> bien y tu?
[2025-10-11 09:48:01] <Yo> bien y tu?
[2025-10-11 09:48:13] <Yo> ok
[2025-10-11 11:40:30] <Yo> que tal?
[2025-10-11 18:44:04] <Yo> ke tal?
[2025-10-13 22:07:15] <Yo> ke tal?
[2025-10-14 08:42:53] <Yo> bien gracias
[2025-10-14 09:08:00] <Yo> ke tal'
[2025-10-14 09:08:49] <Yo> gracias
[2025-10-14 18:41:26] <Yo> todo bien
[2025-10-14 18:53:06] <Yo> ke tal?
[2025-10-14 19:38:27] <Yo> ke tal?
[2025-10-14 19:47:01] <Yo> ke tal?
[2025-10-14 19:57:17] <Yo> ke tal?
[2025-10-15 14:18:09] <Yo> bien gracias
[2025-10-15 14:28:56] <Yo> hola bien estoy bien
[2025-10-15 14:45:17] <Yo> bien gracias
[2025-10-15 20:35:30] <Yo> hola ke tal?
[2025-10-16 08:36:56] <Yo> ke tal
[2025-10-16 11:02:33] <Yo> ke tal?
[2025-10-16 11:23:46] <Yo> ke pasa
[2025-10-16 14:43:01] <Yo> bien gracias
[2025-10-16 14:53:19] <Yo> bien gracias
[2025-10-16 17:47:41] <Yo> bien todo bien
[2025-10-16 17:50:37] <Yo> ke tal?
[2025-10-16 17:53:57] <Yo> ke tal?
[2025-10-16 17:59:02] <Yo> ke pasa
[2025-10-16 18:03:24] <Yo> ke tal?
[2025-10-18 19:04:47] <Yo> bien gracias
