[2025-09-27 15:12:20] <Yo> hola
[2025-09-27 15:19:26] <Yo> hola
[2025-09-27 15:25:33] <Yo> hola
[2025-09-27 16:14:04] <Yo> hola
[2025-09-27 16:19:12] <Yo> hola
[2025-09-27 16:40:56] <Yo> hola
[2025-09-27 19:06:56] <Yo> hola
[2025-09-27 19:07:06] <Yo> ke tal
[2025-09-27 19:08:20] <Yo> hola
[2025-10-03 19:49:12] <Yo> hola ke tal?
[2025-10-03 19:50:34] <Yo> hola ke tal?
[2025-10-04 08:40:49] <Yo> hola ke tal?
[2025-10-04 09:14:56] <Yo> hola como estas?
[2025-10-04 09:15:22] <Yo> bien?
[2025-10-04 09:20:22] <Yo> hola ke tal?
[2025-10-04 09:20:44] <Yo> genial
[2025-10-04 15:37:06] <Yo> jey ke tal?
[2025-10-04 15:37:23] <Yo> todo bien ?
[2025-10-04 16:18:38] <Yo> hola ke tal 1ยบ
[2025-10-04 17:54:16] <Yo> hola ke tal?
[2025-10-04 18:31:03] <Yo> hola ke tal?
[2025-10-04 18:39:46] <Yo> hola ke tal?
[2025-10-04 19:01:25] <Yo> hola ke tal?
[2025-10-04 19:01:51] <Yo> bien gracias
[2025-10-04 22:13:11] <Yo> hola como estas
[2025-10-04 22:36:39] <Yo> hola ke tal?
[2025-10-04 22:47:51] <Yo> hola ke tal?
[2025-10-05 06:12:40] <Yo> hola como estas?
[2025-10-05 06:42:16] <Yo> ke tal?
[2025-10-05 06:42:42] <Yo> todo bien
[2025-10-05 07:42:02] <Yo> hola ke tal?
[2025-10-05 07:57:54] <Yo> hola ke tal?
[2025-10-05 08:03:15] <Yo> hola
[2025-10-05 08:17:29] <Yo> hola ke tal?
[2025-10-05 08:17:55] <Yo> me alegro
[2025-10-05 08:32:28] <Yo> hola ke tal?
[2025-10-05 10:29:45] <Yo> hola ke tal?
[2025-10-05 10:44:00] <Yo> hola ke tal?
[2025-10-05 10:44:32] <Yo> todo perfecto
[2025-10-05 11:07:24] <Yo> hola ke tal?
[2025-10-05 11:07:44] <Yo> perfecto gracias
[2025-10-05 11:22:24] <Yo> hola ke atl?
[2025-10-05 17:57:39] <Yo> hola ke tal?
[2025-10-05 18:58:25] <Yo> hola ke tal?
[2025-10-05 18:58:42] <Yo> ke pasa
[2025-10-05 18:58:45] <Yo> todo bien
[2025-10-05 21:14:38] <Yo> hola ke tal?
[2025-10-05 21:15:05] <Yo> todo perfecto gracias
[2025-10-05 21:20:14] <Yo> hola ke tal?
[2025-10-05 21:20:36] <Yo> todo bien
[2025-10-05 21:37:11] <Yo> hola ke tal?
[2025-10-05 21:37:30] <Yo> todo bien
[2025-10-06 12:04:28] <Yo> hola ke tal?
[2025-10-06 13:59:33] <Yo> hola ke al?
[2025-10-06 14:04:59] <Yo> hola ke tal?
[2025-10-06 14:24:12] <Yo> hola ke tal?
[2025-10-06 14:25:00] <Yo> bien todo
[2025-10-06 14:38:16] <Yo> hola ke tal?
[2025-10-07 09:10:54] <Yo> hola ke tal?
[2025-10-07 09:41:43] <Yo> hola ke tal?
[2025-10-07 09:42:05] <Yo> perfecto
[2025-10-07 10:07:04] <Yo> hola ke tal?
[2025-10-07 10:44:32] <Yo> hola ke tal?
[2025-10-07 10:44:57] <Yo> bien gracias y tu?
[2025-10-07 10:52:04] <Yo> hola ke tal?
[2025-10-07 10:52:29] <Yo> perfectamente
[2025-10-07 11:07:16] <Yo> hola como estas?
[2025-10-07 12:00:22] <Yo> hola ke tal?
[2025-10-07 12:00:42] <Yo> perfecto
[2025-10-07 12:51:25] <Yo> hola ke tal?
[2025-10-07 12:51:47] <Yo> perfecto
[2025-10-07 13:03:55] <Yo> hola ke tal?
[2025-10-07 13:04:24] <Yo> perfecto
[2025-10-08 17:35:08] <Yo> ke tal
[2025-10-08 17:35:37] <Yo> pp
[2025-10-08 17:39:46] <Yo> hola ke tal
[2025-10-08 17:41:42] <Yo> hola
[2025-10-08 17:46:02] <Yo> hola
[2025-10-08 17:47:36] <Yo> hola ke tal
[2025-10-08 19:31:36] <Yo> hola ke tal
[2025-10-08 20:41:24] <Yo> ke pasa
[2025-10-09 08:26:17] <Yo> hola
[2025-10-09 08:26:45] <Yo> bien
[2025-10-09 09:38:13] <Yo> hola
[2025-10-09 12:23:55] <Yo> hola
[2025-10-09 12:24:23] <Yo> todo bien
[2025-10-09 14:00:57] <Yo> hola
[2025-10-09 14:01:11] <Yo> hola
[2025-10-09 14:56:01] <Yo> hola
[2025-10-09 15:00:48] <Yo> hola ke tal
[2025-10-09 15:09:10] <Yo> ke tal
[2025-10-09 19:57:18] <Yo> hola
[2025-10-09 20:48:46] <Yo> hola
[2025-10-09 20:49:05] <Yo> bien
[2025-10-09 21:07:24] <Yo> hola
[2025-10-10 22:51:49] <Yo> hola
[2025-10-11 08:20:56] <Yo> hola
[2025-10-11 08:25:35] <Yo> holahola
[2025-10-11 08:30:55] <Yo> hola que tal?
[2025-10-11 09:47:47] <Yo> hola ke tal?
[2025-10-11 09:48:11] <Yo> ok
[2025-10-11 11:40:16] <Yo> hola
[2025-10-11 12:04:24] <Yo> hola
[2025-10-11 13:04:06] <Yo> bien gracias
[2025-10-11 15:52:47] <Yo> bien gracias
[2025-10-11 15:56:17] <Yo> bien gracias
[2025-10-11 17:24:00] <Yo> hola
[2025-10-11 18:43:51] <Yo> hola
[2025-10-11 18:44:28] <Yo> bien
[2025-10-11 22:28:14] <Yo> bien gracias
[2025-10-11 22:33:42] <Yo> bien gracias
[2025-10-11 22:45:40] <Yo> bien
[2025-10-11 22:50:00] <Yo> ke tal?
[2025-10-13 22:06:59] <Yo> hola
[2025-10-14 08:42:38] <Yo> hola ke tal?
[2025-10-14 09:07:45] <Yo> hola
[2025-10-14 09:08:42] <Yo> bien
[2025-10-14 18:41:05] <Yo> hola ke tal?
[2025-10-14 18:41:30] <Yo> perfecto
[2025-10-14 18:52:49] <Yo> hola
[2025-10-14 19:38:14] <Yo> hola
[2025-10-14 19:38:32] <Yo> ke pasa
[2025-10-14 19:46:47] <Yo> hola
[2025-10-14 19:47:09] <Yo> bien gracias
[2025-10-14 19:57:06] <Yo> hola
[2025-10-15 14:17:52] <Yo> hola como estas
[2025-10-15 14:28:41] <Yo> hola ke tal?
[2025-10-15 14:44:34] <Yo> hola
[2025-10-15 14:45:05] <Yo> hola ke tal?
[2025-10-15 20:34:43] <Yo> hola ke tal?
[2025-10-15 20:35:09] <Yo> hola ke tal?
[2025-10-15 20:35:39] <Yo> ke pasa?
[2025-10-16 08:36:43] <Yo> hola
[2025-10-16 11:02:19] <Yo> hola
[2025-10-16 11:23:34] <Yo> hola
[2025-10-16 14:42:46] <Yo> hola ke tal?
[2025-10-16 14:53:06] <Yo> hola ke tal?
[2025-10-16 14:53:23] <Yo> perfecto
[2025-10-16 17:47:00] <Yo> hola
[2025-10-16 17:47:15] <Yo> hola
[2025-10-16 17:47:35] <Yo> ke tal?
[2025-10-16 17:50:28] <Yo> hola
[2025-10-16 17:53:47] <Yo> hola
[2025-10-16 17:58:52] <Yo> hola ke tal?
[2025-10-16 18:03:12] <Yo> hola
