[2025-11-22 16:11:34] <El_ArWeN> jey Buenas tardes
[2025-11-22 16:11:43] <Coral> hola
[2025-11-22 16:11:53] <Coral> eres el unico
[2025-11-22 16:11:55] <Coral> ajajajajaja
[2025-11-22 16:12:05] <El_ArWeN> es que estaba probando mi nuevo cliente chat contigo, jjjjj
[2025-11-22 16:12:22] <Coral> hola
[2025-11-22 16:12:34] <Coral> cliente
[2025-11-22 16:12:45] <Coral> que cliente
[2025-11-22 16:12:52] <Coral> ahora soy cliente
[2025-11-22 16:12:54] <Coral> ay madre
[2025-11-22 16:12:58] <Coral> jajajajaa
[2025-11-22 16:13:14] <El_ArWeN> nooooo
[2025-11-22 16:13:21] <El_ArWeN> tu no
[2025-11-22 16:13:36] <El_ArWeN> es que estoy programando un cliente chat en java que sea mejor que el MIRC
[2025-11-22 16:13:38] <El_ArWeN> jjjjjj
[2025-11-22 16:13:38] <Coral> no entiendo nada
[2025-11-22 16:13:51] <Coral> ahhh amigo
[2025-11-22 16:13:53] <El_ArWeN> lo estoy utilizando ahora
[2025-11-22 16:13:58] <Coral> empecemos por hay
[2025-11-22 16:14:15] <El_ArWeN> me lees?
[2025-11-22 16:14:19] <Coral> me quieres de prueva que tristeza ajajajajajjaa
[2025-11-22 16:14:33] <Coral> y que tal te va
[2025-11-22 16:14:37] <Coral> claro
[2025-11-22 16:14:41] <Coral> te leo
[2025-11-22 16:14:54] <Coral> que bajo cai
[2025-11-22 16:15:04] <Coral> que quieren de prueba
[2025-11-22 16:15:07] <Coral> jajajajajajajaja
[2025-11-22 16:16:15] <El_ArWeN> me lees?
[2025-11-22 16:17:01] <El_ArWeN> estoy probandoy creo que no recibo tus mensajes por privado  on line sino en diferido
[2025-11-22 16:17:35] <Coral> si te leo
[2025-11-22 16:17:46] <Coral> claro estoy aqui
[2025-11-22 16:17:54] <Coral> pa que sirvo
[2025-11-22 16:22:07] <Coral> yaa no me hablas ?
[2025-11-22 16:22:12] <Coral> pues que bien
[2025-11-30 19:16:40] <Coral> hola
[2025-11-30 19:16:44] <Coral> ajajajjaajajjaaj
[2025-11-30 19:16:49] <Coral> muakkkkkkkkkkkkkkkkk
[2025-11-30 19:16:51] <Coral> jajajaajajjaajja
[2025-11-30 19:16:53] <El_ArWeN> ke pansha?
[2025-11-30 19:17:02] <Coral> nada estoy con la emision
[2025-11-30 19:17:07] <Coral> ajjajaajajajajaja
[2025-11-30 19:17:12] <Coral> me parto
[2025-11-30 19:17:21] <Coral> morena sospecha de todo
[2025-11-30 19:17:26] <El_ArWeN> hola? alguien me esta escribiendo aki?
[2025-11-30 19:17:33] <El_ArWeN> no me llega nada, no leo nada
[2025-11-30 19:17:43] <Coral> jajaajajjajajja
[2025-11-30 19:17:55] <Coral> veras ahora como no te vea
[2025-11-30 19:17:59] <El_ArWeN> hola
[2025-11-30 19:18:01] <El_ArWeN> espera
[2025-11-30 19:18:13] <El_ArWeN> ke estoy chateando con mi programa cliente chat , pero creo que esto no furula
[2025-11-30 19:18:15] <El_ArWeN> un seg
[2025-11-30 19:18:19] <Coral> escribe en sala si no sospechan
[2025-11-30 19:18:23] <El_ArWeN> hola
[2025-11-30 19:18:27] <El_ArWeN> me lees ahora?
[2025-11-30 19:18:35] <Coral> yo si te leo
[2025-11-30 19:18:42] <Coral> que estas haciendo
[2025-11-30 19:18:49] <Coral> a ver si me interesa
[2025-11-30 19:18:58] <El_ArWeN> creo que mi programa no va, tendré que pasar al ircap, tengo que corregir mi programa
[2025-11-30 19:19:10] <El_ArWeN> salgo y entro en mircap
