[2025-12-02 15:02:15] <El_ArWeN> hola
[2025-12-02 15:02:15] <El_aKKILES> Hola, Bien venido a mi privado, valoraré si acepto el privado o no, gracias
[2025-12-02 15:02:15] <El_aKKILES> A Mi PriVaDo...EsPeRe A QuE Lo PuEdA AtEnDeR.....]
[2025-12-02 15:02:24] <El_aKKILES> PrIvADo Ha SiDo AcEpTaDo....PoRQuE Tu Lo VaLeS :D]
[2025-12-02 15:02:29] <El_aKKILES> que pasa
[2025-12-02 15:02:32] <El_aKKILES> hola ke tal?
[2025-12-02 15:02:46] <El_aKKILES> hola
[2025-12-02 15:02:55] <El_ArWeN> ke tal?
[2025-12-02 15:03:02] <El_aKKILES> hola
[2025-12-02 15:03:13] <El_ArWeN> hola
[2025-12-02 15:03:15] <El_ArWeN> todo bien?
[2025-12-02 15:03:31] <El_aKKILES> si todo bien
[2025-12-02 15:03:44] <El_aKKILES> jey
[2025-12-02 15:03:50] <El_aKKILES> hola
[2025-12-02 15:03:59] <El_aKKILES> jey
[2025-12-02 15:04:20] <El_aKKILES> hola
[2025-12-02 15:04:37] <El_ArWeN> jey
[2025-12-02 15:05:01] <El_aKKILES> ke pasa
[2025-12-02 15:05:04] <El_aKKILES> todo bien?
[2025-12-02 15:05:07] <El_ArWeN> si todo bien
[2025-12-02 15:05:15] <El_aKKILES> buenas
[2025-12-02 15:11:29] <El_aKKILES> hola
[2025-12-02 15:11:39] <El_ArWeN> hola ke pasa
[2025-12-02 15:11:46] <El_aKKILES> bien
[2025-12-02 15:11:48] <El_aKKILES> todo bien
